<?xml version="1.0" encoding="utf-8"?><testsuites><testsuite name="pytest" errors="0" failures="0" skipped="0" tests="136" time="189.398" timestamp="2025-09-15T16:48:01.161911+00:00" hostname="41e06f965b4b"><testcase classname="test.test_configs.test_json" name="test_export_import" time="0.348" /><testcase classname="test.test_configs.test_reader" name="test_configurations" time="0.193" /><testcase classname="test.test_configs.test_reader" name="test_split_view" time="0.351" /><testcase classname="test.test_configs.test_reader" name="test_create_delete" time="0.196" /><testcase classname="test.test_exception" name="test_exception_report" time="0.002" /><testcase classname="test.test_menus.test_adv_menu" name="test_typedb_menuitem" time="0.191" /><testcase classname="test.test_menus.test_adv_menu" name="test_options_menuitem" time="0.182" /><testcase classname="test.test_menus.test_data_menu" name="test_importdata_menuitem" time="0.461" /><testcase classname="test.test_menus.test_data_menu" name="test_cleardata_menuitem" time="0.426" /><testcase classname="test.test_menus.test_file_menu" name="test_new" time="3.231" /><testcase classname="test.test_menus.test_file_menu" name="test_export_file" time="3.388" /><testcase classname="test.test_menus.test_file_menu" name="test_import_file" time="0.310" /><testcase classname="test.test_menus.test_file_menu" name="test_save_open" time="3.393" /><testcase classname="test.test_menus.test_file_menu" name="test_clear_network" time="0.315" /><testcase classname="test.test_menus.test_help_menu" name="test_about_menuitem" time="0.238" /><testcase classname="test.test_menus.test_help_menu" name="test_docs_menuitems" time="0.188" /><testcase classname="test.test_nodes.test_factory" name="test_factory" time="0.198" /><testcase classname="test.test_nodes.test_marte_base" name="test_upstream" time="0.379" /><testcase classname="test.test_nodes.test_marte_base" name="test_delete" time="0.397" /><testcase classname="test.test_nodes.test_marte_base" name="test_listeners" time="0.433" /><testcase classname="test.test_nodes.test_marte_base" name="test_equal" time="0.393" /><testcase classname="test.test_plugins.test_base_plugin" name="test_base_plugin" time="0.068" /><testcase classname="test.test_plugins.test_base_plugin" name="test_file_handler" time="0.032" /><testcase classname="test.test_services.test_api_manager" name="test_compile_locally" time="0.215" /><testcase classname="test.test_services.test_compiler" name="test_compile_locally" time="2.486" /><testcase classname="test.test_services.test_compiler" name="test_compile_on_server" time="1.193" /><testcase classname="test.test_services.test_compiler" name="test_compile_relative_dir" time="0.446" /><testcase classname="test.test_services.test_config_manager" name="test_gen_plugins" time="0.510" /><testcase classname="test.test_services.test_config_manager" name="test_bad_plugins" time="0.356" /><testcase classname="test.test_services.test_config_manager" name="test_bad_settings" time="0.295" /><testcase classname="test.test_services.test_config_manager" name="test_false_plugins" time="0.391" /><testcase classname="test.test_services.test_config_manager" name="test_false_settings" time="0.371" /><testcase classname="test.test_services.test_defs" name="test_run_basic" time="73.613" /><testcase classname="test.test_services.test_deployment" name="test_deployment_wnd_deploy" time="0.073" /><testcase classname="test.test_services.test_deployment" name="test_deployment_wnd_status" time="0.059" /><testcase classname="test.test_services.test_file_support" name="test_upconvert_file" time="0.826" /><testcase classname="test.test_services.test_node_handler" name="test_safe_get_nodes" time="0.369" /><testcase classname="test.test_services.test_node_handler" name="test_old_execution_algorithm" time="0.439" /><testcase classname="test.test_services.test_recovery" name="test_recovery_blank" time="0.667" /><testcase classname="test.test_services.test_sim_engine" name="test_empty_diagram" time="0.221" /><testcase classname="test.test_services.test_sim_engine" name="test_autoconnect" time="0.503" /><testcase classname="test.test_services.test_sim_engine" name="test_reset_scene" time="0.942" /><testcase classname="test.test_services.test_sim_engine" name="test_add_constant" time="0.486" /><testcase classname="test.test_services.test_sim_engine" name="test_add_filereader" time="0.473" /><testcase classname="test.test_services.test_sim_engine" name="test_reset_all" time="0.757" /><testcase classname="test.test_services.test_sim_engine" name="test_save_def" time="0.603" /><testcase classname="test.test_services.test_sim_engine" name="test_load_def" time="0.427" /><testcase classname="test.test_services.test_sim_engine" name="test_export_as" time="0.434" /><testcase classname="test.test_services.test_sim_engine" name="test_save" time="0.369" /><testcase classname="test.test_services.test_sim_engine" name="test_deselected" time="0.348" /><testcase classname="test.test_services.test_sim_engine" name="test_run_thread" time="3.813" /><testcase classname="test.test_services.test_sim_engine" name="test_prog_error_handling_server" time="0.373" /><testcase classname="test.test_services.test_sim_engine" name="test_prog_error_handling" time="0.363" /><testcase classname="test.test_services.test_sim_engine" name="test_callbacks_in_prog" time="0.388" /><testcase classname="test.test_services.test_sim_engine" name="test_simple_close_prog_wnd" time="0.343" /><testcase classname="test.test_services.test_sim_engine" name="test_close_prog_wnd" time="0.414" /><testcase classname="test.test_services.test_state_service.test_state_service" name="test_state_initialisation" time="0.302" /><testcase classname="test.test_services.test_state_service.test_state_service" name="test_add_remove_state" time="0.308" /><testcase classname="test.test_services.test_state_service.test_state_service" name="test_save_state" time="0.317" /><testcase classname="test.test_services.test_state_service.test_state_service" name="test_state_name_change" time="0.313" /><testcase classname="test.test_services.test_state_service.test_state_service" name="test_add_remove_message" time="0.326" /><testcase classname="test.test_services.test_state_service.test_state_service" name="test_add_remove_event" time="0.279" /><testcase classname="test.test_services.test_state_service.test_state_service" name="test_change_next_state" time="0.273" /><testcase classname="test.test_services.test_state_service.test_state_service" name="test_change_thread_error" time="0.277" /><testcase classname="test.test_services.test_state_service.test_state_service" name="test_add_remove_thread" time="0.333" /><testcase classname="test.test_services.test_state_service.test_state_service" name="test_state_edge_arrow" time="0.072" /><testcase classname="test.test_services.test_state_service.test_state_service" name="test_state_message_preview" time="0.256" /><testcase classname="test.test_services.test_state_service.test_state_service" name="test_state_thread_functions" time="0.304" /><testcase classname="test.test_services.test_state_service.test_state_service" name="test_save_open_state_machine" time="0.298" /><testcase classname="test.test_services.test_state_service.test_state_service" name="test_state_edge_dragging_class" time="0.295" /><testcase classname="test.test_services.test_state_service.test_state_service" name="test_state_editor_view" time="0.280" /><testcase classname="test.test_services.test_state_service.test_state_service" name="test_state_edges" time="0.348" /><testcase classname="test.test_services.test_state_service.test_state_service" name="test_open" time="0.481" /><testcase classname="test.test_toolbars.test_aux.test_clear_clean" name="test_clear_action" time="0.379" /><testcase classname="test.test_toolbars.test_aux.test_clear_clean" name="test_clean_action" time="0.456" /><testcase classname="test.test_toolbars.test_data.test_data_toolbar" name="test_cleardata_toolbar" time="0.833" /><testcase classname="test.test_toolbars.test_data.test_data_toolbar" name="test_graph_toolbar" time="0.716" /><testcase classname="test.test_toolbars.test_errors.test_error_toolbar" name="test_error_lbl" time="0.993" /><testcase classname="test.test_toolbars.test_errors.test_error_toolbar" name="test_error_btn" time="0.790" /><testcase classname="test.test_toolbars.test_errors.test_error_toolbar" name="test_error_reset" time="0.777" /><testcase classname="test.test_toolbars.test_errors.test_error_toolbar" name="test_error_split" time="1.523" /><testcase classname="test.test_toolbars.test_playback.test_playback_toolbar" name="test_disabled" time="0.447" /><testcase classname="test.test_toolbars.test_playback.test_playback_toolbar" name="test_enabled" time="0.680" /><testcase classname="test.test_toolbars.test_playback.test_playback_toolbar" name="test_stepthrough" time="0.739" /><testcase classname="test.test_toolbars.test_split.test_split" name="test_split_view" time="0.694" /><testcase classname="test.test_toolbars.test_split.test_split" name="test_split_none" time="0.340" /><testcase classname="test.test_toolbars.test_split.test_split" name="test_split_notonthread" time="0.410" /><testcase classname="test.test_toolbars.test_states.test_state_toolbar" name="test_thread_combo" time="0.405" /><testcase classname="test.test_toolbars.test_states.test_state_toolbar" name="test_open_state_window" time="0.310" /><testcase classname="test.test_toolbars.test_test_engine.test_engine" name="test_engine_toolbar" time="1.242" /><testcase classname="test.test_widgets.test_basics" name="test_base_window" time="0.423" /><testcase classname="test.test_widgets.test_basics" name="test_filebrowser" time="0.397" /><testcase classname="test.test_widgets.test_basics" name="test_folderbrowser" time="0.387" /><testcase classname="test.test_widgets.test_basics" name="test_base_scene" time="0.344" /><testcase classname="test.test_widgets.test_basics" name="test_editor" time="0.336" /><testcase classname="test.test_widgets.test_basics" name="test_interrupt" time="0.088" /><testcase classname="test.test_widgets.test_basics" name="test_view_node" time="0.325" /><testcase classname="test.test_widgets.test_basics" name="test_basic_service" time="0.110" /><testcase classname="test.test_widgets.test_gam_datasources" name="test_error_lbl" time="0.753" /><testcase classname="test.test_widgets.test_mainpanel" name="test_mainpanel_listeners" time="0.333" /><testcase classname="test.test_widgets.test_nodeeditor" name="test_nodeeditor" time="0.159" /><testcase classname="test.test_windows.test_graph_window" name="test_plot_graph" time="0.910" /><testcase classname="test.test_windows.test_graph_window" name="test_remove_plot" time="0.767" /><testcase classname="test.test_windows.test_graph_window" name="test_plot_node_sockets" time="0.843" /><testcase classname="test.test_windows.test_graph_window" name="test_right_click_menu" time="0.698" /><testcase classname="test.test_windows.test_graph_window" name="test_latest_plot" time="0.702" /><testcase classname="test.test_windows.test_graph_window" name="test_plot_interaction" time="0.830" /><testcase classname="test.test_windows.test_graph_window" name="test_expand_parameters" time="0.868" /><testcase classname="test.test_windows.test_graph_window" name="test_export_graph" time="0.886" /><testcase classname="test.test_windows.test_graph_window" name="test_save_load" time="0.864" /><testcase classname="test.test_windows.test_project_properties" name="test_app_name" time="0.532" /><testcase classname="test.test_windows.test_project_properties" name="test_timing_name" time="0.366" /><testcase classname="test.test_windows.test_project_properties" name="test_gam_datasources" time="0.434" /><testcase classname="test.test_windows.test_project_properties" name="test_gam_scheduler" time="0.369" /><testcase classname="test.test_windows.test_project_properties" name="test_http" time="0.400" /><testcase classname="test.test_windows.test_settings_window" name="test_panels_available" time="0.279" /><testcase classname="test.test_windows.test_settings_window" name="test_modify_general_save" time="0.373" /><testcase classname="test.test_windows.test_settings_window" name="test_modify_general_cancel" time="0.390" /><testcase classname="test.test_windows.test_settings_window" name="test_modify_remote_save" time="0.376" /><testcase classname="test.test_windows.test_settings_window" name="test_modify_remote_cancel" time="0.415" /><testcase classname="test.test_windows.test_settings_window" name="test_modify_compile_save" time="0.385" /><testcase classname="test.test_windows.test_settings_window" name="test_modify_compile_cancel" time="0.340" /><testcase classname="test.test_windows.test_settings_window" name="test_modify_default_save" time="0.360" /><testcase classname="test.test_windows.test_settings_window" name="test_modify_default_cancel" time="0.396" /><testcase classname="test.test_windows.test_settings_window" name="test_modify_test_save" time="0.341" /><testcase classname="test.test_windows.test_settings_window" name="test_modify_test_cancel" time="0.414" /><testcase classname="test.test_windows.test_settings_window" name="test_save_to_file" time="0.513" /><testcase classname="test.test_windows.test_settings_window" name="test_cancel_to_file" time="0.402" /><testcase classname="test.test_windows.test_settings_window" name="test_encrypt_password" time="0.383" /><testcase classname="test.test_windows.test_type_db" name="test_type_loaded" time="0.494" /><testcase classname="test.test_windows.test_type_db" name="test_change_type_rows" time="0.520" /><testcase classname="test.test_windows.test_type_db" name="test_add_rm_type" time="0.472" /><testcase classname="test.test_windows.test_type_db" name="test_close_cancel" time="0.530" /><testcase classname="test.test_windows.test_type_db" name="test_close_save" time="0.426" /><testcase classname="test.test_windows.test_type_db" name="test_import_export" time="0.653" /><testcase classname="test.test_windows.test_type_db" name="test_save_all" time="0.450" /></testsuite></testsuites>