<?xml version="1.0" encoding="utf-8"?><testsuites><testsuite name="pytest" errors="0" failures="0" skipped="0" tests="14" time="131.658" timestamp="2026-05-15T15:22:44.878248+01:00" hostname="M0042"><testcase classname="test.test_windows.test_settings_window" name="test_panels_available" time="2.536" /><testcase classname="test.test_windows.test_settings_window" name="test_modify_general_save" time="0.976" /><testcase classname="test.test_windows.test_settings_window" name="test_modify_general_cancel" time="0.989" /><testcase classname="test.test_windows.test_settings_window" name="test_modify_remote_save" time="0.892" /><testcase classname="test.test_windows.test_settings_window" name="test_modify_remote_cancel" time="0.832" /><testcase classname="test.test_windows.test_settings_window" name="test_modify_compile_save" time="0.854" /><testcase classname="test.test_windows.test_settings_window" name="test_modify_compile_cancel" time="0.972" /><testcase classname="test.test_windows.test_settings_window" name="test_modify_default_save" time="0.925" /><testcase classname="test.test_windows.test_settings_window" name="test_modify_default_cancel" time="0.915" /><testcase classname="test.test_windows.test_settings_window" name="test_modify_test_save" time="0.862" /><testcase classname="test.test_windows.test_settings_window" name="test_modify_test_cancel" time="0.843" /><testcase classname="test.test_windows.test_settings_window" name="test_save_to_file" time="1.027" /><testcase classname="test.test_windows.test_settings_window" name="test_cancel_to_file" time="0.950" /><testcase classname="test.test_windows.test_settings_window" name="test_encrypt_password" time="0.843" /></testsuite></testsuites>