<?xml version="1.0" encoding="utf-8"?><testsuites><testsuite name="pytest" errors="0" failures="0" skipped="0" tests="304" time="141.673" timestamp="2026-05-15T13:51:33.442554+01:00" hostname="M0042"><testcase classname="test.marte2_python.tests.functions.test_bin2csv" name="test_bin2csv" time="0.385" /><testcase classname="test.marte2_python.tests.functions.test_extra_functions" name="test_calculate_stacksize" time="0.001" /><testcase classname="test.marte2_python.tests.functions.test_extra_functions" name="test_form" time="0.001" /><testcase classname="test.marte2_python.tests.functions.test_extra_functions" name="test_findIndexByDictKey" time="0.002" /><testcase classname="test.marte2_python.tests.functions.test_extra_functions" name="test_float" time="0.001" /><testcase classname="test.marte2_python.tests.functions.test_gam_functions" name="test_consolidate" time="0.002" /><testcase classname="test.marte2_python.tests.marte2.datasources.test_AsyncBridge" name="test_AsyncBridge[0-dummyvalue-dummyvalue-True-1-0-input_signals0]" time="0.355" /><testcase classname="test.marte2_python.tests.marte2.datasources.test_AsyncBridge" name="test_AsyncBridge[1-dummyvalue1-dummyvalue1-True-2--1-input_signals1]" time="0.051" /><testcase classname="test.marte2_python.tests.marte2.datasources.test_AsyncBridge" name="test_AsyncBridge[1-dummyvalue2-dummyvalue2-False-2-100-input_signals2]" time="0.049" /><testcase classname="test.marte2_python.tests.marte2.datasources.test_AsyncBridge" name="test_AsyncBridge[0-dummyvalue2-dummyvalue2-False-56--1-input_signals3]" time="0.041" /><testcase classname="test.marte2_python.tests.marte2.datasources.test_AsyncBridge" name="test_factory_implementation" time="0.035" /><testcase classname="test.marte2_python.tests.marte2.datasources.test_EPICSPublisher" name="test_EPICSPublisher[dummyvalue-8-yes-1-10-1048576-input_signals0]" time="0.042" /><testcase classname="test.marte2_python.tests.marte2.datasources.test_EPICSPublisher" name="test_EPICSPublisher[dummyvalue1-255-yes-0-24-1048576-input_signals1]" time="0.048" /><testcase classname="test.marte2_python.tests.marte2.datasources.test_EPICSPublisher" name="test_EPICSPublisher[dummyvalue2-65-no-1-100-5126-input_signals2]" time="0.053" /><testcase classname="test.marte2_python.tests.marte2.datasources.test_EPICSPublisher" name="test_EPICSPublisher[dummyvalue2-0xff-no-0-512-1024-input_signals3]" time="0.044" /><testcase classname="test.marte2_python.tests.marte2.datasources.test_EPICSPublisher" name="test_factory_implementation" time="0.035" /><testcase classname="test.marte2_python.tests.marte2.datasources.test_EPICSSubscriber" name="test_EPICSSubscriber[dummyvalue-0-10-output_signals0]" time="0.042" /><testcase classname="test.marte2_python.tests.marte2.datasources.test_EPICSSubscriber" name="test_EPICSSubscriber[dummyvalue1-0x86-127836-output_signals1]" time="0.041" /><testcase classname="test.marte2_python.tests.marte2.datasources.test_EPICSSubscriber" name="test_EPICSSubscriber[dummyvalue2-10-32455-output_signals2]" time="0.059" /><testcase classname="test.marte2_python.tests.marte2.datasources.test_EPICSSubscriber" name="test_EPICSSubscriber[dummyvalue2-137-92749-output_signals3]" time="0.044" /><testcase classname="test.marte2_python.tests.marte2.datasources.test_EPICSSubscriber" name="test_factory_implementation" time="0.034" /><testcase classname="test.marte2_python.tests.marte2.datasources.test_FileReader" name="test_FileReader[dummyvalue-,-Error-csv-dummyvalue-no-yes-output_signals0]" time="0.042" /><testcase classname="test.marte2_python.tests.marte2.datasources.test_FileReader" name="test_FileReader[dummyvalue1-,-LastValue-binary-dummyvalue1-yes-yes-output_signals1]" time="0.042" /><testcase classname="test.marte2_python.tests.marte2.datasources.test_FileReader" name="test_FileReader[dummyvalue2-\\t-Rewind-binary-dummyvalue2-no-no-output_signals2]" time="0.044" /><testcase classname="test.marte2_python.tests.marte2.datasources.test_FileReader" name="test_FileReader[dummyvalue2-\\t-Rewind-csv-dummyvalue2-yes-no-output_signals3]" time="0.037" /><testcase classname="test.marte2_python.tests.marte2.datasources.test_FileReader" name="test_factory_implementation" time="0.033" /><testcase classname="test.marte2_python.tests.marte2.datasources.test_FileWriter" name="test_FileWriter[dummyvalue-255-,-binary-dummyvalue-1-0-0-yes-0-512-True-input_signals0]" time="0.045" /><testcase classname="test.marte2_python.tests.marte2.datasources.test_FileWriter" name="test_FileWriter[dummyvalue1-0x20-\\t-binary-dummyvalue1-5-1-1-no-1-256-False-input_signals1]" time="0.046" /><testcase classname="test.marte2_python.tests.marte2.datasources.test_FileWriter" name="test_FileWriter[dummyvalue2-40-\\t-csv-dummyvalue2-256-2-12-yes-1-256-False-input_signals2]" time="0.041" /><testcase classname="test.marte2_python.tests.marte2.datasources.test_FileWriter" name="test_FileWriter[dummyvalue2-1-,-csv-dummyvalue2-1024-4-0-no-0-1024-True-input_signals3]" time="0.034" /><testcase classname="test.marte2_python.tests.marte2.datasources.test_FileWriter" name="test_factory_implementation" time="0.026" /><testcase classname="test.marte2_python.tests.marte2.datasources.test_GAMDataSource" name="test_GAMDataSource[dummyvalue]" time="0.028" /><testcase classname="test.marte2_python.tests.marte2.datasources.test_GAMDataSource" name="test_GAMDataSource[dummyvalue1]" time="0.026" /><testcase classname="test.marte2_python.tests.marte2.datasources.test_GAMDataSource" name="test_GAMDataSource[dummyvalue2_0]" time="0.028" /><testcase classname="test.marte2_python.tests.marte2.datasources.test_GAMDataSource" name="test_GAMDataSource[dummyvalue2_1]" time="0.025" /><testcase classname="test.marte2_python.tests.marte2.datasources.test_GAMDataSource" name="test_factory_implementation" time="0.025" /><testcase classname="test.marte2_python.tests.marte2.datasources.test_LinuxTimer" name="test_LinuxTimer[dummyvalue-0-IndependentThread-1000-Default-0-0]" time="0.034" /><testcase classname="test.marte2_python.tests.marte2.datasources.test_LinuxTimer" name="test_LinuxTimer[dummyvalue1-0x2-IndependentThread-0x500-Busy-0.1-45]" time="0.033" /><testcase classname="test.marte2_python.tests.marte2.datasources.test_LinuxTimer" name="test_LinuxTimer[dummyvalue2-598-RealTimeThread-45-Default-0.5-90]" time="0.037" /><testcase classname="test.marte2_python.tests.marte2.datasources.test_LinuxTimer" name="test_LinuxTimer[dummyvalue2-512-RealTimeThread-144-Busy-0.8-180]" time="0.039" /><testcase classname="test.marte2_python.tests.marte2.datasources.test_LinuxTimer" name="test_factory_implementation" time="0.034" /><testcase classname="test.marte2_python.tests.marte2.datasources.test_LoggerDataSource" name="test_LoggerDataSource[dummyvalue]" time="0.033" /><testcase classname="test.marte2_python.tests.marte2.datasources.test_LoggerDataSource" name="test_LoggerDataSource[dummyvalue1]" time="0.028" /><testcase classname="test.marte2_python.tests.marte2.datasources.test_LoggerDataSource" name="test_LoggerDataSource[dummyvalue2_0]" time="0.027" /><testcase classname="test.marte2_python.tests.marte2.datasources.test_LoggerDataSource" name="test_LoggerDataSource[dummyvalue2_1]" time="0.026" /><testcase classname="test.marte2_python.tests.marte2.datasources.test_LoggerDataSource" name="test_factory_implementation" time="0.023" /><testcase classname="test.marte2_python.tests.marte2.datasources.test_RFileDataSource" name="test_FileReader[dummyvalue-,-Error-csv-dummyvalue-no-yes-output_signals0]" time="0.039" /><testcase classname="test.marte2_python.tests.marte2.datasources.test_RFileDataSource" name="test_FileReader[dummyvalue1-,-LastValue-binary-dummyvalue1-yes-yes-output_signals1]" time="0.040" /><testcase classname="test.marte2_python.tests.marte2.datasources.test_RFileDataSource" name="test_FileReader[dummyvalue2-\\t-Rewind-binary-dummyvalue2-no-no-output_signals2]" time="0.038" /><testcase classname="test.marte2_python.tests.marte2.datasources.test_RFileDataSource" name="test_FileReader[dummyvalue2-\\t-Rewind-csv-dummyvalue2-yes-no-output_signals3]" time="0.046" /><testcase classname="test.marte2_python.tests.marte2.datasources.test_RFileDataSource" name="test_FileWriter[dummyvalue-255-,-binary-dummyvalue-1-0-0-yes-0-512-True-input_signals0]" time="0.067" /><testcase classname="test.marte2_python.tests.marte2.datasources.test_RFileDataSource" name="test_FileWriter[dummyvalue1-0x20-\\t-binary-dummyvalue1-5-1-1-no-1-256-False-input_signals1]" time="0.066" /><testcase classname="test.marte2_python.tests.marte2.datasources.test_RFileDataSource" name="test_FileWriter[dummyvalue2-40-\\t-csv-dummyvalue2-256-2-12-yes-1-256-False-input_signals2]" time="0.060" /><testcase classname="test.marte2_python.tests.marte2.datasources.test_RFileDataSource" name="test_FileWriter[dummyvalue2-1-,-csv-dummyvalue2-1024-4-0-no-0-1024-True-input_signals3]" time="0.048" /><testcase classname="test.marte2_python.tests.marte2.datasources.test_RFileDataSource" name="test_factory_implementation" time="0.038" /><testcase classname="test.marte2_python.tests.marte2.datasources.test_SDNPublisher" name="test_SDNPublisher[localhost-1-dummyvalue-eth0-4000-hello-input_signals0]" time="0.042" /><testcase classname="test.marte2_python.tests.marte2.datasources.test_SDNPublisher" name="test_SDNPublisher[127.0.0.1-1-dummyvalue1-wlan0-5762-world-input_signals1]" time="0.041" /><testcase classname="test.marte2_python.tests.marte2.datasources.test_SDNPublisher" name="test_SDNPublisher[215.69.18.65-0-dummyvalue2-eth1-5672-good-input_signals2]" time="0.042" /><testcase classname="test.marte2_python.tests.marte2.datasources.test_SDNPublisher" name="test_SDNPublisher[254.97.628.79-0-dummyvalue2-lan0-4008-bye-input_signals3]" time="0.039" /><testcase classname="test.marte2_python.tests.marte2.datasources.test_SDNPublisher" name="test_factory_implementation" time="0.031" /><testcase classname="test.marte2_python.tests.marte2.datasources.test_SDNSubscriber" name="test_SDNSubscriber[dummyvalue-70-IndependentThread-0-eth0-0-0-hello-output_signals0]" time="0.037" /><testcase classname="test.marte2_python.tests.marte2.datasources.test_SDNSubscriber" name="test_SDNSubscriber[dummyvalue1-40-RealTimeThread-1-wlan0--1-50-world-output_signals1]" time="0.037" /><testcase classname="test.marte2_python.tests.marte2.datasources.test_SDNSubscriber" name="test_SDNSubscriber[dummyvalue2-0x20-IndependentThread-0-lan0-100--1-good-output_signals2]" time="0.049" /><testcase classname="test.marte2_python.tests.marte2.datasources.test_SDNSubscriber" name="test_SDNSubscriber[dummyvalue2-15-RealTimeThread-1-eth1--1--1-bye-output_signals3]" time="0.042" /><testcase classname="test.marte2_python.tests.marte2.datasources.test_SDNSubscriber" name="test_factory_implementation" time="0.031" /><testcase classname="test.marte2_python.tests.marte2.datasources.test_TimingDataSource" name="test_TimingDataSource[dummyvalue]" time="0.032" /><testcase classname="test.marte2_python.tests.marte2.datasources.test_TimingDataSource" name="test_TimingDataSource[dummyvalue1]" time="0.032" /><testcase classname="test.marte2_python.tests.marte2.datasources.test_TimingDataSource" name="test_TimingDataSource[dummyvalue2_0]" time="0.032" /><testcase classname="test.marte2_python.tests.marte2.datasources.test_TimingDataSource" name="test_TimingDataSource[dummyvalue2_1]" time="0.032" /><testcase classname="test.marte2_python.tests.marte2.datasources.test_TimingDataSource" name="test_factory_implementation" time="0.030" /><testcase classname="test.marte2_python.tests.marte2.datasources.test_UDPReceiver" name="test_UDPReceiver[192.197.378.192-dummyvalue-1-RealTimeThread-127.0.0.1-4001-1585-0-output_signals0]" time="0.033" /><testcase classname="test.marte2_python.tests.marte2.datasources.test_UDPReceiver" name="test_UDPReceiver[254.687.979.08-dummyvalue1-102-IndependentThread-localhost-364-76376--1-output_signals1]" time="0.034" /><testcase classname="test.marte2_python.tests.marte2.datasources.test_UDPReceiver" name="test_UDPReceiver[localhost-dummyvalue2-0x98-RealTimeThread-36.87.78.29-2001-1024-0-output_signals2]" time="0.032" /><testcase classname="test.marte2_python.tests.marte2.datasources.test_UDPReceiver" name="test_UDPReceiver[127.0.0.1-dummyvalue2-87-IndependentThread-273.898.87.76-5754-256-10-output_signals3]" time="0.032" /><testcase classname="test.marte2_python.tests.marte2.datasources.test_UDPReceiver" name="test_factory_implementation" time="0.024" /><testcase classname="test.marte2_python.tests.marte2.datasources.test_UDPSender" name="test_UDPSender[192.197.378.192-dummyvalue-1-RealTimeThread-0-1-4001-1585-input_signals0]" time="0.028" /><testcase classname="test.marte2_python.tests.marte2.datasources.test_UDPSender" name="test_UDPSender[254.687.979.08-dummyvalue1-102-IndependentThread-40-364-76376-89387-input_signals1]" time="0.029" /><testcase classname="test.marte2_python.tests.marte2.datasources.test_UDPSender" name="test_UDPSender[localhost-dummyvalue2-0x98-RealTimeThread-30-2001-92183-1024-input_signals2]" time="0.028" /><testcase classname="test.marte2_python.tests.marte2.datasources.test_UDPSender" name="test_UDPSender[127.0.0.1-dummyvalue2-87-IndependentThread-0-5754-937897-256-input_signals3]" time="0.029" /><testcase classname="test.marte2_python.tests.marte2.datasources.test_UDPSender" name="test_factory_implementation" time="0.024" /><testcase classname="test.marte2_python.tests.marte2.gams.test_ConstantGAM" name="test_ConstantGAM[value-output_signals0]" time="0.068" /><testcase classname="test.marte2_python.tests.marte2.gams.test_ConstantGAM" name="test_ConstantGAM[Constant-output_signals1]" time="0.024" /><testcase classname="test.marte2_python.tests.marte2.gams.test_ConstantGAM" name="test_ConstantGAM[HelloWorld-output_signals2]" time="0.023" /><testcase classname="test.marte2_python.tests.marte2.gams.test_ConstantGAM" name="test_ConstantGAM[HelloWorld-output_signals3]" time="0.023" /><testcase classname="test.marte2_python.tests.marte2.gams.test_ConstantGAM" name="test_factory_implementation" time="0.021" /><testcase classname="test.marte2_python.tests.marte2.gams.test_ConversionGAM" name="test_ConversionGAM[dummyvalue-input_signals0-output_signals0]" time="0.024" /><testcase classname="test.marte2_python.tests.marte2.gams.test_ConversionGAM" name="test_ConversionGAM[dummyvalue1-input_signals1-output_signals1]" time="0.026" /><testcase classname="test.marte2_python.tests.marte2.gams.test_ConversionGAM" name="test_ConversionGAM[dummyvalue2-input_signals2-output_signals2]" time="0.025" /><testcase classname="test.marte2_python.tests.marte2.gams.test_ConversionGAM" name="test_ConversionGAM[dummyvalue2-input_signals3-output_signals3]" time="0.026" /><testcase classname="test.marte2_python.tests.marte2.gams.test_ConversionGAM" name="test_factory_implementation" time="0.022" /><testcase classname="test.marte2_python.tests.marte2.gams.test_ExpressionGAM" name="test_ExpressionGAM[dummyvalue-Constantf = COnstanti * 8-input_signals0-output_signals0]" time="0.030" /><testcase classname="test.marte2_python.tests.marte2.gams.test_ExpressionGAM" name="test_ExpressionGAM[dummyvalue1-Helloout = Hello * World-input_signals1-output_signals1]" time="0.022" /><testcase classname="test.marte2_python.tests.marte2.gams.test_ExpressionGAM" name="test_ExpressionGAM[dummyvalue2-dout = !!World-input_signals2-output_signals2]" time="0.021" /><testcase classname="test.marte2_python.tests.marte2.gams.test_ExpressionGAM" name="test_ExpressionGAM[dummyvalue2-small_int = !World-input_signals3-output_signals3]" time="0.026" /><testcase classname="test.marte2_python.tests.marte2.gams.test_ExpressionGAM" name="test_factory_implementation" time="0.021" /><testcase classname="test.marte2_python.tests.marte2.gams.test_FilterGAM" name="test_FilterGAM[dummyvalue-{1}-{0.5 0.5}-1-input_signals0-output_signals0]" time="0.030" /><testcase classname="test.marte2_python.tests.marte2.gams.test_FilterGAM" name="test_FilterGAM[dummyvalue1-{3}-{0.5 0.25}-1-input_signals1-output_signals1]" time="0.029" /><testcase classname="test.marte2_python.tests.marte2.gams.test_FilterGAM" name="test_FilterGAM[dummyvalue2-{7}-{0.75 0.5}-0-input_signals2-output_signals2]" time="0.028" /><testcase classname="test.marte2_python.tests.marte2.gams.test_FilterGAM" name="test_FilterGAM[dummyvalue2-{2}-{0.4 0.9}-0-input_signals3-output_signals3]" time="0.036" /><testcase classname="test.marte2_python.tests.marte2.gams.test_FilterGAM" name="test_factory_implementation" time="0.027" /><testcase classname="test.marte2_python.tests.marte2.gams.test_IOGAM" name="test_IOGAM[dummyvalue-input_signals0-output_signals0]" time="0.025" /><testcase classname="test.marte2_python.tests.marte2.gams.test_IOGAM" name="test_IOGAM[dummyvalue1-input_signals1-output_signals1]" time="0.027" /><testcase classname="test.marte2_python.tests.marte2.gams.test_IOGAM" name="test_IOGAM[dummyvalue2-input_signals2-output_signals2]" time="0.025" /><testcase classname="test.marte2_python.tests.marte2.gams.test_IOGAM" name="test_IOGAM[dummyvalue2-input_signals3-output_signals3]" time="0.026" /><testcase classname="test.marte2_python.tests.marte2.gams.test_IOGAM" name="test_factory_implementation" time="0.023" /><testcase classname="test.marte2_python.tests.marte2.gams.test_MessageGAM" name="test_MessageGAM[dummyvalue-events0-1-input_signals0-output_signals0]" time="0.025" /><testcase classname="test.marte2_python.tests.marte2.gams.test_MessageGAM" name="test_MessageGAM[dummyvalue1-events1-0-input_signals1-output_signals1]" time="0.028" /><testcase classname="test.marte2_python.tests.marte2.gams.test_MessageGAM" name="test_MessageGAM[dummyvalue2-events2-1-input_signals2-output_signals2]" time="0.027" /><testcase classname="test.marte2_python.tests.marte2.gams.test_MessageGAM" name="test_MessageGAM[dummyvalue2-events3-0-input_signals3-output_signals3]" time="0.029" /><testcase classname="test.marte2_python.tests.marte2.gams.test_MessageGAM" name="test_factory_implementation" time="0.024" /><testcase classname="test.marte2_python.tests.marte2.gams.test_MessageGAM" name="test_mfactory" time="0.025" /><testcase classname="test.marte2_python.tests.marte2.gams.test_MessageGAM" name="test_messageGAM_GUI" time="0.862" /><testcase classname="test.marte2_python.tests.marte2.gams.test_MuxGAM" name="test_MuxGAM[dummyvalue-input_signals0-output_signals0]" time="0.045" /><testcase classname="test.marte2_python.tests.marte2.gams.test_MuxGAM" name="test_MuxGAM[dummyvalue1-input_signals1-output_signals1]" time="0.053" /><testcase classname="test.marte2_python.tests.marte2.gams.test_MuxGAM" name="test_MuxGAM[dummyvalue2-input_signals2-output_signals2]" time="0.056" /><testcase classname="test.marte2_python.tests.marte2.gams.test_MuxGAM" name="test_MuxGAM[dummyvalue2-input_signals3-output_signals3]" time="0.053" /><testcase classname="test.marte2_python.tests.marte2.gams.test_MuxGAM" name="test_factory_implementation" time="0.044" /><testcase classname="test.marte2_python.tests.marte2.gams.test_PIDGAM" name="test_PIDGAM[dummyvalue-10.0-1-2-50-2-5-input_signals0-output_signals0]" time="0.055" /><testcase classname="test.marte2_python.tests.marte2.gams.test_PIDGAM" name="test_PIDGAM[dummyvalue1-10.0-1.0-2.0-50-2-5-input_signals1-output_signals1]" time="0.052" /><testcase classname="test.marte2_python.tests.marte2.gams.test_PIDGAM" name="test_PIDGAM[dummyvalue2-10.0-1.0-2-50-2-5-input_signals2-output_signals2]" time="0.041" /><testcase classname="test.marte2_python.tests.marte2.gams.test_PIDGAM" name="test_PIDGAM[dummyvalue2-10-1.4-2.3-3.4-59-21-input_signals3-output_signals3]" time="0.040" /><testcase classname="test.marte2_python.tests.marte2.gams.test_PIDGAM" name="test_factory_implementation" time="0.031" /><testcase classname="test.marte2_python.tests.marte2.gams.test_SSMGAM" name="test_SSMGAM[dummyvalue-{{{{0 1}}}}-{{{{1 1}}{{0 1}}}}-{{{{1 0}}}}-1-0.0001-{{{{0.5 0.5}}{{1.0 2.0}}}}-input_signals0-output_signals0]" time="0.041" /><testcase classname="test.marte2_python.tests.marte2.gams.test_SSMGAM" name="test_SSMGAM[dummyvalue1-{{{{50 12}}}}-{{{{1 13}}{{6 10}}}}-{{{{3 19}}}}-0-0.01-{{{{0.3 0.9}}{{1.7 3.0}}}}-input_signals1-output_signals1]" time="0.046" /><testcase classname="test.marte2_python.tests.marte2.gams.test_SSMGAM" name="test_SSMGAM[dummyvalue2-{{{{5 12}}}}-{{{{41 134}}{{670 12}}}}-{{{{7 18}}}}-1-2-{{{{0.7 0.2}}{{1.6 7.0}}}}-input_signals2-output_signals2]" time="0.061" /><testcase classname="test.marte2_python.tests.marte2.gams.test_SSMGAM" name="test_SSMGAM[dummyvalue2-{{{{0 1}}}}-{{{{51 1}}{{50 41}}}}-{{{{10 10}}}}-1-5-{{{{0.8 0.4}}{{1.4 2.6}}}}-input_signals3-output_signals3]" time="0.059" /><testcase classname="test.marte2_python.tests.marte2.gams.test_SSMGAM" name="test_factory_implementation" time="0.043" /><testcase classname="test.marte2_python.tests.marte2.gams.test_SimulinkGAM" name="test_SSMGAM[dummyvalue-Controller.so-Controller-1-1-0--Structured-input_signals0-output_signals0]" time="0.062" /><testcase classname="test.marte2_python.tests.marte2.gams.test_SimulinkGAM" name="test_SSMGAM[dummyvalue1-Model.so-Model-1-0-0--Structured-input_signals1-output_signals1]" time="0.075" /><testcase classname="test.marte2_python.tests.marte2.gams.test_SimulinkGAM" name="test_SSMGAM[dummyvalue2-Controller.so-Controller-0-1-1--Structured-input_signals2-output_signals2]" time="0.046" /><testcase classname="test.marte2_python.tests.marte2.gams.test_SimulinkGAM" name="test_SSMGAM[dummyvalue2-Model.so-Model-0-1-1--Structured-input_signals3-output_signals3]" time="0.052" /><testcase classname="test.marte2_python.tests.marte2.gams.test_SimulinkGAM" name="test_factory_implementation" time="0.034" /><testcase classname="test.marte2_python.tests.marte2.gams.test_WaveformChirpGAM" name="test_WaveformChirpGAM[dummyvalue-100.0-1.0-3787-1.1-45-{0.1 0.3 0.5 1.8}-{0.2 0.4 0.6}-input_signals0-output_signals0]" time="0.082" /><testcase classname="test.marte2_python.tests.marte2.gams.test_WaveformChirpGAM" name="test_WaveformChirpGAM[dummyvalue1-10.0-3.4-1.41-6.8-180-{0.1 0.43 0.5 1.8}-{0.2 0.4 0.6}-input_signals1-output_signals1]" time="0.070" /><testcase classname="test.marte2_python.tests.marte2.gams.test_WaveformChirpGAM" name="test_WaveformChirpGAM[dummyvalue2-13-7.8-1.41-10.8-90-{0.1 0.23 0.5 1.8}-{0.2 0.4 0.6}-input_signals2-output_signals2]" time="0.058" /><testcase classname="test.marte2_python.tests.marte2.gams.test_WaveformChirpGAM" name="test_WaveformChirpGAM[dummyvalue2-57-9.78-142-20-210-starttriggertime3-stoptriggertime3-input_signals3-output_signals3]" time="0.071" /><testcase classname="test.marte2_python.tests.marte2.gams.test_WaveformChirpGAM" name="test_factory_implementation" time="0.056" /><testcase classname="test.marte2_python.tests.marte2.gams.test_WaveformPointsGAM" name="test_WaveformPointsGAM[dummyvalue-{10.0 5.1 0.3 3}-{0.1 0.3 0.5 1.8}-{0.2 0.4 0.6}-{0.0 2.1 3.2 4.5}-input_signals0-output_signals0]" time="0.079" /><testcase classname="test.marte2_python.tests.marte2.gams.test_WaveformPointsGAM" name="test_WaveformPointsGAM[dummyvalue1-{10.3 5.1 0.3 3}-{0.12 0.33 0.5 1.8}-{0.2 0.4 0.6}-{9.0 21 3.2 85}-input_signals1-output_signals1]" time="0.062" /><testcase classname="test.marte2_python.tests.marte2.gams.test_WaveformPointsGAM" name="test_WaveformPointsGAM[dummyvalue2-{15.0 8.1 0.8 3}-starttriggertime2-stoptriggertime2-times2-input_signals2-output_signals2]" time="0.058" /><testcase classname="test.marte2_python.tests.marte2.gams.test_WaveformPointsGAM" name="test_WaveformPointsGAM[dummyvalue2-points3-{0.8 0.9 1.3 1.8}-{0.85 0.95 1.4}-{0.9 2.1 3.2 95}-input_signals3-output_signals3]" time="0.077" /><testcase classname="test.marte2_python.tests.marte2.gams.test_WaveformPointsGAM" name="test_factory_implementation" time="0.059" /><testcase classname="test.marte2_python.tests.marte2.gams.test_WaveformSinGAM" name="test_WaveformSinGAM[10-dummyvalue-1.0-10-45-{0.1 0.3 0.5 1.8}-{0.2 0.4 0.6}-input_signals0-output_signals0]" time="0.075" /><testcase classname="test.marte2_python.tests.marte2.gams.test_WaveformSinGAM" name="test_WaveformSinGAM[12.3-dummyvalue1-8.7-12.3-90-starttriggertime1-{0.2 0.4 0.6}-input_signals1-output_signals1]" time="0.051" /><testcase classname="test.marte2_python.tests.marte2.gams.test_WaveformSinGAM" name="test_WaveformSinGAM[32-dummyvalue2-87-32-0-{0.1 0.3 0.5 1.8}-stoptriggertime2-input_signals2-output_signals2]" time="0.045" /><testcase classname="test.marte2_python.tests.marte2.gams.test_WaveformSinGAM" name="test_WaveformSinGAM[37.8-dummyvalue2-43-37.8-180-{0.1 0.3 0.5 1.8}-{0.2 0.4 0.6}-input_signals3-output_signals3]" time="0.056" /><testcase classname="test.marte2_python.tests.marte2.gams.test_WaveformSinGAM" name="test_factory_implementation" time="0.047" /><testcase classname="test.marte2_python.tests.marte2.objects.test_MARTe2ConfigurationDatabase" name="test_MARTe2ConfigurationDatabase[dummyvalue-objects0]" time="0.222" /><testcase classname="test.marte2_python.tests.marte2.objects.test_MARTe2ConfigurationDatabase" name="test_MARTe2ConfigurationDatabase[dummyvalue1-objects1]" time="0.074" /><testcase classname="test.marte2_python.tests.marte2.objects.test_MARTe2ConfigurationDatabase" name="test_MARTe2ConfigurationDatabase[dummyvalue2-objects2]" time="0.081" /><testcase classname="test.marte2_python.tests.marte2.objects.test_MARTe2ConfigurationDatabase" name="test_MARTe2ConfigurationDatabase[dummyvalue2-objects3]" time="0.097" /><testcase classname="test.marte2_python.tests.marte2.objects.test_MARTe2ConfigurationDatabase" name="test_factory_implementation" time="0.049" /><testcase classname="test.marte2_python.tests.marte2.objects.test_MARTe2EventConditionTrigger" name="test_MARTe2EventConditionTrigger[dummyvalue-eventtriggers0-objects0]" time="0.050" /><testcase classname="test.marte2_python.tests.marte2.objects.test_MARTe2EventConditionTrigger" name="test_MARTe2EventConditionTrigger[dummyvalue1-eventtriggers1-objects1]" time="0.045" /><testcase classname="test.marte2_python.tests.marte2.objects.test_MARTe2EventConditionTrigger" name="test_MARTe2EventConditionTrigger[dummyvalue2-eventtriggers2-objects2]" time="0.054" /><testcase classname="test.marte2_python.tests.marte2.objects.test_MARTe2EventConditionTrigger" name="test_MARTe2EventConditionTrigger[dummyvalue2-eventtriggers3-objects3]" time="0.057" /><testcase classname="test.marte2_python.tests.marte2.objects.test_MARTe2EventConditionTrigger" name="test_factory_implementation" time="0.050" /><testcase classname="test.marte2_python.tests.marte2.objects.test_MARTe2GAMScheduler" name="test_MARTe2GAMScheduler[dummyvalue-500-GAMScheduler]" time="0.065" /><testcase classname="test.marte2_python.tests.marte2.objects.test_MARTe2GAMScheduler" name="test_MARTe2GAMScheduler[dummyvalue1-500-FastScheduler]" time="0.065" /><testcase classname="test.marte2_python.tests.marte2.objects.test_MARTe2GAMScheduler" name="test_MARTe2GAMScheduler[dummyvalue2-2-GAMBareScheduler]" time="0.050" /><testcase classname="test.marte2_python.tests.marte2.objects.test_MARTe2GAMScheduler" name="test_MARTe2GAMScheduler[dummyvalue2-2-FastScheduler]" time="0.046" /><testcase classname="test.marte2_python.tests.marte2.objects.test_MARTe2GAMScheduler" name="test_factory_implementation" time="0.041" /><testcase classname="test.marte2_python.tests.marte2.objects.test_MARTe2HTTPObjectBrowser" name="test_MARTe2HTTPObjectBrowser[dummyvalue-objects0-possible_objects0-/]" time="0.037" /><testcase classname="test.marte2_python.tests.marte2.objects.test_MARTe2HTTPObjectBrowser" name="test_MARTe2HTTPObjectBrowser[dummyvalue1-objects1-possible_objects1-/root/]" time="0.037" /><testcase classname="test.marte2_python.tests.marte2.objects.test_MARTe2HTTPObjectBrowser" name="test_MARTe2HTTPObjectBrowser[dummyvalue2-objects2-possible_objects2-/]" time="0.036" /><testcase classname="test.marte2_python.tests.marte2.objects.test_MARTe2HTTPObjectBrowser" name="test_MARTe2HTTPObjectBrowser[dummyvalue2-objects3-possible_objects3-/root/]" time="0.041" /><testcase classname="test.marte2_python.tests.marte2.objects.test_MARTe2HTTPObjectBrowser" name="test_factory_implementation" time="0.032" /><testcase classname="test.marte2_python.tests.marte2.objects.test_MARTe2HttpDirectoryResource" name="test_MARTe2HttpDirectoryResource[dummyvalue-dummyvalue]" time="0.032" /><testcase classname="test.marte2_python.tests.marte2.objects.test_MARTe2HttpDirectoryResource" name="test_MARTe2HttpDirectoryResource[dummyvalue1-dummyvalue1]" time="0.035" /><testcase classname="test.marte2_python.tests.marte2.objects.test_MARTe2HttpDirectoryResource" name="test_MARTe2HttpDirectoryResource[dummyvalue2-dummyvalue2_0]" time="0.047" /><testcase classname="test.marte2_python.tests.marte2.objects.test_MARTe2HttpDirectoryResource" name="test_MARTe2HttpDirectoryResource[dummyvalue2-dummyvalue2_1]" time="0.062" /><testcase classname="test.marte2_python.tests.marte2.objects.test_MARTe2HttpDirectoryResource" name="test_factory_implementation" time="0.050" /><testcase classname="test.marte2_python.tests.marte2.objects.test_MARTe2HttpMessageInterface" name="test_MARTe2HttpMessageInterface[dummyvalue-objects0]" time="0.041" /><testcase classname="test.marte2_python.tests.marte2.objects.test_MARTe2HttpMessageInterface" name="test_MARTe2HttpMessageInterface[dummyvalue1-objects1]" time="0.039" /><testcase classname="test.marte2_python.tests.marte2.objects.test_MARTe2HttpMessageInterface" name="test_MARTe2HttpMessageInterface[dummyvalue2-objects2]" time="0.049" /><testcase classname="test.marte2_python.tests.marte2.objects.test_MARTe2HttpMessageInterface" name="test_MARTe2HttpMessageInterface[dummyvalue2-objects3]" time="0.032" /><testcase classname="test.marte2_python.tests.marte2.objects.test_MARTe2HttpMessageInterface" name="test_factory_implementation" time="0.069" /><testcase classname="test.marte2_python.tests.marte2.objects.test_MARTe2HttpService" name="test_MARTe2HttpService[1000-dummyvalue-255-4-1-40--1-WebRoot]" time="0.066" /><testcase classname="test.marte2_python.tests.marte2.objects.test_MARTe2HttpService" name="test_MARTe2HttpService[500-dummyvalue1-255-25-2-8080-100-WebRoot]" time="0.083" /><testcase classname="test.marte2_python.tests.marte2.objects.test_MARTe2HttpService" name="test_MARTe2HttpService[500-dummyvalue2-1000-25-2-40-0-WebRoot]" time="0.086" /><testcase classname="test.marte2_python.tests.marte2.objects.test_MARTe2HttpService" name="test_MARTe2HttpService[1000-dummyvalue2-1000-4-1-8080--1-WebRoot]" time="0.066" /><testcase classname="test.marte2_python.tests.marte2.objects.test_MARTe2HttpService" name="test_factory_implementation" time="0.049" /><testcase classname="test.marte2_python.tests.marte2.objects.test_MARTe2Message" name="test_MARTe2Message[dummyvalue-StateMachine-GOTOERROR--1-ExpectsReply-parameters0]" time="0.054" /><testcase classname="test.marte2_python.tests.marte2.objects.test_MARTe2Message" name="test_MARTe2Message[dummyvalue1-EPICSCAInterface-Start-100-ExpectsIndirectReply-parameters1]" time="0.048" /><testcase classname="test.marte2_python.tests.marte2.objects.test_MARTe2Message" name="test_MARTe2Message[dummyvalue2-App-PrepareNextState--1-ExpectsIndirectReply-parameters2]" time="0.046" /><testcase classname="test.marte2_python.tests.marte2.objects.test_MARTe2Message" name="test_MARTe2Message[dummyvalue2-EPICSCAInterface.PV_STATUS-CAPut-100-ExpectsReply-parameters3]" time="0.038" /><testcase classname="test.marte2_python.tests.marte2.objects.test_MARTe2Message" name="test_factory_implementation" time="0.033" /><testcase classname="test.marte2_python.tests.marte2.objects.test_MARTe2RealTimeState" name="test_MARTe2RealTimeState[dummyvalue-threads0]" time="0.038" /><testcase classname="test.marte2_python.tests.marte2.objects.test_MARTe2RealTimeState" name="test_MARTe2RealTimeState[dummyvalue1-threads1]" time="0.038" /><testcase classname="test.marte2_python.tests.marte2.objects.test_MARTe2RealTimeState" name="test_MARTe2RealTimeState[dummyvalue2-threads2]" time="0.036" /><testcase classname="test.marte2_python.tests.marte2.objects.test_MARTe2RealTimeState" name="test_MARTe2RealTimeState[dummyvalue2-threads3]" time="0.036" /><testcase classname="test.marte2_python.tests.marte2.objects.test_MARTe2RealTimeState" name="test_factory_implementation" time="0.031" /><testcase classname="test.marte2_python.tests.marte2.objects.test_MARTe2RealTimeThread" name="test_MARTe2RealTimeThread[dummyvalue-0x76-functions0]" time="0.031" /><testcase classname="test.marte2_python.tests.marte2.objects.test_MARTe2RealTimeThread" name="test_MARTe2RealTimeThread[dummyvalue1-118-functions1]" time="0.031" /><testcase classname="test.marte2_python.tests.marte2.objects.test_MARTe2RealTimeThread" name="test_MARTe2RealTimeThread[dummyvalue2-56-functions2]" time="0.029" /><testcase classname="test.marte2_python.tests.marte2.objects.test_MARTe2RealTimeThread" name="test_MARTe2RealTimeThread[dummyvalue2-56-functions3]" time="0.026" /><testcase classname="test.marte2_python.tests.marte2.objects.test_MARTe2RealTimeThread" name="test_factory_implementation" time="0.023" /><testcase classname="test.marte2_python.tests.marte2.objects.test_MARTe2ReferenceContainer" name="test_MARTe2ReferenceContainer[dummyvalue-objects0]" time="0.026" /><testcase classname="test.marte2_python.tests.marte2.objects.test_MARTe2ReferenceContainer" name="test_MARTe2ReferenceContainer[dummyvalue1-objects1]" time="0.026" /><testcase classname="test.marte2_python.tests.marte2.objects.test_MARTe2ReferenceContainer" name="test_MARTe2ReferenceContainer[dummyvalue2-objects2]" time="0.023" /><testcase classname="test.marte2_python.tests.marte2.objects.test_MARTe2ReferenceContainer" name="test_factory_implementation" time="0.025" /><testcase classname="test.marte2_python.tests.marte2.objects.test_MARTe2StateMachine" name="test_MARTe2StateMachine[StateMachine-states0]" time="0.025" /><testcase classname="test.marte2_python.tests.marte2.objects.test_MARTe2StateMachine" name="test_MARTe2StateMachine[dummyvalue1-states1]" time="0.024" /><testcase classname="test.marte2_python.tests.marte2.objects.test_MARTe2StateMachine" name="test_MARTe2StateMachine[dummyvalue2-states2]" time="0.028" /><testcase classname="test.marte2_python.tests.marte2.objects.test_MARTe2StateMachine" name="test_MARTe2StateMachine[dummyvalue2-states3]" time="0.027" /><testcase classname="test.marte2_python.tests.marte2.objects.test_MARTe2StateMachine" name="test_factory_implementation" time="0.026" /><testcase classname="test.marte2_python.tests.marte2.objects.test_MARTe2StateMachineEvent" name="test_MARTe2StateMachineEvent[dummyvalue-messages0-error-error-0]" time="0.024" /><testcase classname="test.marte2_python.tests.marte2.objects.test_MARTe2StateMachineEvent" name="test_MARTe2StateMachineEvent[dummyvalue1-messages1-Idle-ERROR-10]" time="0.025" /><testcase classname="test.marte2_python.tests.marte2.objects.test_MARTe2StateMachineEvent" name="test_MARTe2StateMachineEvent[dummyvalue2-messages2-RUNNING-Error--1]" time="0.026" /><testcase classname="test.marte2_python.tests.marte2.objects.test_MARTe2StateMachineEvent" name="test_factory_implementation" time="0.024" /><testcase classname="test.marte2_python.tests.marte2.test_config_object" name="test_config_obj" time="0.002" /><testcase classname="test.marte2_python.tests.marte2.test_configwriting" name="test_string_writer" time="0.001" /><testcase classname="test.marte2_python.tests.marte2.test_configwriting" name="test_configwriter" time="0.003" /><testcase classname="test.marte2_python.tests.marte2.test_datasource" name="test_datasource" time="0.004" /><testcase classname="test.marte2_python.tests.marte2.test_factory" name="test_factory" time="0.015" /><testcase classname="test.marte2_python.tests.marte2.test_gam" name="test_gam[dummyvalue-IOGAM-Constantf-input_signals0-output_signals0]" time="0.004" /><testcase classname="test.marte2_python.tests.marte2.test_gam" name="test_gam[dummyvalue1-MSHKDH-Hello-input_signals1-output_signals1]" time="0.004" /><testcase classname="test.marte2_python.tests.marte2.test_gam" name="test_gam[dummyvalue2-SSMGAM-dhkhfe-input_signals2-output_signals2]" time="0.004" /><testcase classname="test.marte2_python.tests.marte2.test_gam" name="test_gam[dummyvalue2-MuxGAM-World-input_signals3-output_signals3]" time="0.004" /><testcase classname="test.marte2_python.tests.marte2.test_generic_application" name="test_application" time="0.091" /><testcase classname="test.marte2_python.tests.marte2.test_generic_application" name="test_app_functions" time="0.074" /><testcase classname="test.marte2_python.tests.marte2.test_qtclasses" name="test_addrem_btns" time="0.025" /><testcase classname="test.marte2_python.tests.marte2.test_qtclasses" name="test_custom_event" time="0.025" /><testcase classname="test.marte2_python.tests.marte2.test_qtclasses" name="test_autocomplete" time="0.027" /><testcase classname="test.marte2_python.tests.marte2.test_qtclasses" name="test_PanelledListConfig" time="0.025" /><testcase classname="test.marte2_python.tests.marte2.test_qtclasses" name="test_MsgInfoWidget" time="0.025" /><testcase classname="test.marte2_python.tests.marte2.test_qtclasses" name="test_MsgWindow" time="0.051" /><testcase classname="test.marte2_python.tests.marte2.test_qtfunctions" name="test_spacer" time="0.023" /><testcase classname="test.marte2_python.tests.marte2.test_qtfunctions" name="test_unique_name" time="0.023" /><testcase classname="test.marte2_python.tests.marte2.test_qtfunctions" name="test_unique_gam_name" time="0.020" /><testcase classname="test.marte2_python.tests.marte2.test_qtfunctions" name="test_lineedit" time="0.021" /><testcase classname="test.marte2_python.tests.marte2.test_qtfunctions" name="test_comboedit" time="0.022" /><testcase classname="test.marte2_python.tests.marte2.test_qtfunctions" name="test_gridlineedit" time="0.021" /><testcase classname="test.marte2_python.tests.marte2.test_qtfunctions" name="test_gridcomboedit" time="0.021" /><testcase classname="test.marte2_python.tests.marte2.test_qtfunctions" name="test_item_exists_in_list" time="0.019" /><testcase classname="test.marte2_python.tests.marte2.test_qtfunctions" name="test_delete_children" time="0.021" /><testcase classname="test.marte2_python.tests.marte2.test_qtfunctions" name="test_set_layout_enabled" time="0.021" /><testcase classname="test.marte2_python.tests.marte2.test_qtfunctions" name="test_add_button_layout" time="0.021" /><testcase classname="test.marte2_python.tests.marte2.test_reader" name="test_reader" time="0.107" /><testcase classname="test.marte2_python.tests.marte2.test_reader" name="test_gui_configs" time="0.811" /><testcase classname="test.marte2_python.tests.marte2.test_reader" name="test_http" time="0.001" /><testcase classname="test.marte2_python.tests.marte2.test_reader" name="test_tree_node" time="0.001" /><testcase classname="test.marte2_python.tests.marte2.test_reader" name="test_handle_obj" time="0.001" /><testcase classname="test.marte2_python.tests.marte2.test_retains_class_name" name="test_retention_of_class_names" time="0.023" /><testcase classname="test.marte2_python.tests.marte2.test_serialize" name="test_serialize" time="0.001" /><testcase classname="test.marte2_python.tests.marte2.test_signal_wdw" name="test_getalias" time="0.021" /><testcase classname="test.marte2_python.tests.marte2.test_signal_wdw" name="test_signal_wdw_null" time="0.019" /><testcase classname="test.marte2_python.tests.marte2.test_signal_wdw" name="test_signal_wdw" time="0.047" /><testcase classname="test.marte2_python.tests.marte2.test_signal_wdw" name="test_signal_wdw_save" time="0.039" /><testcase classname="test.marte2_python.tests.marte2.test_signal_wdw" name="test_signal_wdw_cancel" time="0.047" /><testcase classname="test.marte2_python.tests.marte2.test_simulation" name="test_simulation" time="15.363" /><testcase classname="test.marte2_python.tests.marte2.test_topython" name="test_gamround_trip[ConstantGAM]" time="0.002" /><testcase classname="test.marte2_python.tests.marte2.test_topython" name="test_gamround_trip[ConversionGAM]" time="0.002" /><testcase classname="test.marte2_python.tests.marte2.test_topython" name="test_gamround_trip[ExpressionGAM0]" time="0.002" /><testcase classname="test.marte2_python.tests.marte2.test_topython" name="test_gamround_trip[ExpressionGAM1]" time="0.003" /><testcase classname="test.marte2_python.tests.marte2.test_topython" name="test_gamround_trip[IOGAM]" time="0.002" /><testcase classname="test.marte2_python.tests.marte2.test_topython" name="test_gamround_trip[MessageGAM]" time="0.003" /><testcase classname="test.marte2_python.tests.marte2.test_topython" name="test_gamround_trip[MuxGAM]" time="0.002" /><testcase classname="test.marte2_python.tests.marte2.test_topython" name="test_gamround_trip[SSMGAM]" time="0.003" /><testcase classname="test.marte2_python.tests.marte2.test_topython" name="test_gamround_trip[WaveformSinGAM0]" time="0.003" /><testcase classname="test.marte2_python.tests.marte2.test_topython" name="test_gamround_trip[WaveformSinGAM1]" time="0.003" /><testcase classname="test.marte2_python.tests.marte2.test_topython" name="test_gamround_trip[WaveformSinGAM2]" time="0.003" /><testcase classname="test.marte2_python.tests.marte2.test_topython" name="test_gamround_trip[WaveformChirpGAM0]" time="0.003" /><testcase classname="test.marte2_python.tests.marte2.test_topython" name="test_gamround_trip[WaveformChirpGAM1]" time="0.003" /><testcase classname="test.marte2_python.tests.marte2.test_topython" name="test_gamround_trip[WaveformChirpGAM2]" time="0.003" /><testcase classname="test.marte2_python.tests.marte2.test_topython" name="test_gamround_trip[WaveformPointsGAM0]" time="0.002" /><testcase classname="test.marte2_python.tests.marte2.test_topython" name="test_gamround_trip[WaveformPointsGAM1]" time="0.003" /><testcase classname="test.marte2_python.tests.marte2.test_topython" name="test_gamround_trip[WaveformPointsGAM2]" time="0.003" /><testcase classname="test.marte2_python.tests.marte2.test_topython" name="test_gamround_trip[PIDGAM]" time="0.002" /><testcase classname="test.marte2_python.tests.marte2.test_topython" name="test_gamround_trip[FilterGAM]" time="0.002" /><testcase classname="test.marte2_python.tests.marte2.test_topython" name="test_gamround_trip[SimulinkGAM0]" time="0.002" /><testcase classname="test.marte2_python.tests.marte2.test_topython" name="test_gamround_trip[SimulinkGAM1]" time="0.003" /><testcase classname="test.marte2_python.tests.marte2.test_topython" name="test_gamround_trip[HistogramGAM]" time="0.002" /><testcase classname="test.marte2_python.tests.marte2.test_topython" name="test_gamround_trip[StatisticsGAM]" time="0.002" /><testcase classname="test.marte2_python.tests.marte2.test_topython" name="test_dsround_trip[EPICSSubscriber0]" time="0.002" /><testcase classname="test.marte2_python.tests.marte2.test_topython" name="test_dsround_trip[EPICSSubscriber1]" time="0.003" /><testcase classname="test.marte2_python.tests.marte2.test_topython" name="test_dsround_trip[EPICSPublisher0]" time="0.003" /><testcase classname="test.marte2_python.tests.marte2.test_topython" name="test_dsround_trip[EPICSPublisher1]" time="0.003" /><testcase classname="test.marte2_python.tests.marte2.test_topython" name="test_dsround_trip[FileReader]" time="0.003" /><testcase classname="test.marte2_python.tests.marte2.test_topython" name="test_dsround_trip[FileWriter0]" time="0.003" /><testcase classname="test.marte2_python.tests.marte2.test_topython" name="test_dsround_trip[FileWriter1]" time="0.003" /><testcase classname="test.marte2_python.tests.marte2.test_topython" name="test_dsround_trip[SDNPublisher]" time="0.003" /><testcase classname="test.marte2_python.tests.marte2.test_topython" name="test_dsround_trip[SDNSubscriber]" time="0.003" /><testcase classname="test.marte2_python.tests.marte2.test_topython" name="test_dsround_trip[UDPReceiver]" time="0.002" /><testcase classname="test.marte2_python.tests.marte2.test_topython" name="test_dsround_trip[UDPSender]" time="0.003" /><testcase classname="test.marte2_python.tests.marte2.test_topython" name="test_dsround_trip[GAMDataSource]" time="0.002" /><testcase classname="test.marte2_python.tests.marte2.test_topython" name="test_dsround_trip[LinuxTimer]" time="0.004" /><testcase classname="test.marte2_python.tests.marte2.test_topython" name="test_dsround_trip[LoggerDataSource]" time="0.003" /><testcase classname="test.marte2_python.tests.marte2.test_topython" name="test_dsround_trip[TimingDataSource]" time="0.003" /><testcase classname="test.marte2_python.tests.marte2.test_topython" name="test_dsround_trip[AsyncBridge0]" time="0.003" /><testcase classname="test.marte2_python.tests.marte2.test_topython" name="test_dsround_trip[AsyncBridge1]" time="0.003" /><testcase classname="test.marte2_python.tests.marte2.test_topython" name="test_dsround_trip[Synchronisation0]" time="0.003" /><testcase classname="test.marte2_python.tests.marte2.test_topython" name="test_dsround_trip[Synchronisation1]" time="0.003" /><testcase classname="test.marte2_python.tests.marte2.test_topython" name="test_complex_python_app" time="0.605" /><testcase classname="test.marte2_python.tests.marte2.test_type_database" name="test_field_cls" time="0.001" /><testcase classname="test.marte2_python.tests.marte2.test_type_database" name="test_type_cls" time="0.001" /><testcase classname="test.marte2_python.tests.marte2.test_type_database" name="test_const_cls" time="0.001" /><testcase classname="test.marte2_python.tests.marte2.test_type_database" name="test_type_db_interface" time="0.513" /><testcase classname="test.marte2_python.tests.marte2.test_type_database" name="test_type_toLibrary" time="1.491" /><testcase classname="test.marte2_python.tests.marte2.test_type_database" name="test_genStruct" time="0.001" /><testcase classname="test.marte2_python.tests.marte2.test_type_database" name="test_incrementV" time="0.001" /><testcase classname="test.marte2_python.tests.marte2.test_type_database" name="test_changes_new" time="1.290" /><testcase classname="test.marte2_python.tests.marte2.test_type_database" name="test_changes_update" time="1.098" /><testcase classname="test.marte2_python.tests.marte2.test_type_database" name="test_changes_updateV" time="1.196" /></testsuite></testsuites>